<?xml version="1.0" encoding="UTF-8"?>
<!-- Generated by org.testng.reporters.JUnitReportReporter -->
<testsuite hostname="ISCHLAPHP21792" failures="0" tests="3" name="SelfLearning.tests.SubmitOrderTest" time="53.012" errors="0" timestamp="2024-07-16T15:06:58 IST" skipped="0">
  <testcase classname="SelfLearning.tests.SubmitOrderTest" name="submitOrder" time="24.399"/>
  <system-out/>
  <testcase classname="SelfLearning.tests.SubmitOrderTest" name="orderHistoryTest" time="6.736"/>
  <system-out/>
  <testcase classname="SelfLearning.tests.SubmitOrderTest" name="submitOrder" time="21.877"/>
  <system-out/>
</testsuite> <!-- SelfLearning.tests.SubmitOrderTest -->
