<?xml version="1.0" encoding="UTF-8"?>
<!-- Generated by org.testng.reporters.JUnitReportReporter -->
<testsuite hostname="ISCHLAPHP21792" failures="0" tests="2" name="SelfLearning.Cucumber.TestNgTestRunner" time="35.887" errors="0" timestamp="2024-07-05T13:37:29 IST" skipped="0">
  <testcase classname="SelfLearning.Cucumber.TestNgTestRunner" name="runScenario" time="11.503"/>
  <system-out/>
  <testcase classname="SelfLearning.Cucumber.TestNgTestRunner" name="runScenario" time="24.384"/>
  <system-out/>
</testsuite> <!-- SelfLearning.Cucumber.TestNgTestRunner -->
