<?xml version="1.0" encoding="UTF-8"?>
<!-- Generated by org.testng.reporters.JUnitReportReporter -->
<testsuite hostname="ISCHLAPHP21792" failures="0" tests="2" name="SelfLearning.tests.ErrorValidations" time="31.915" errors="0" timestamp="2024-07-18T19:51:14 IST" skipped="0">
  <testcase classname="SelfLearning.tests.ErrorValidations" name="ProductErrorValidation" time="25.207"/>
  <system-out/>
  <testcase classname="SelfLearning.tests.ErrorValidations" name="LoginErrorValidation" time="6.708"/>
  <system-out/>
</testsuite> <!-- SelfLearning.tests.ErrorValidations -->
