<?xml version="1.0" encoding="UTF-8"?>
<!-- Generated by org.testng.reporters.JUnitReportReporter -->
<testsuite hostname="ISCHLAPHP21792" failures="0" tests="2" name="SelfLearning.Cucumber.TestNgTestRunner" time="37.804" errors="0" timestamp="2024-07-15T13:00:58 IST" skipped="0">
  <testcase classname="SelfLearning.Cucumber.TestNgTestRunner" name="runScenario" time="15.707"/>
  <system-out/>
  <testcase classname="SelfLearning.Cucumber.TestNgTestRunner" name="runScenario" time="22.097"/>
  <system-out/>
</testsuite> <!-- SelfLearning.Cucumber.TestNgTestRunner -->
