<?xml version="1.0" encoding="UTF-8"?>
<!-- Generated by org.testng.reporters.JUnitReportReporter -->
<testsuite hostname="ISCHLAPHP21792" failures="0" tests="3" name="SelfLearning.tests.SubmitOrderTest" time="103.862" errors="0" timestamp="2024-07-23T20:10:54 IST" skipped="0">
  <testcase classname="SelfLearning.tests.SubmitOrderTest" name="submitOrder" time="46.033"/>
  <system-out/>
  <testcase classname="SelfLearning.tests.SubmitOrderTest" name="orderHistoryTest" time="22.141"/>
  <system-out/>
  <testcase classname="SelfLearning.tests.SubmitOrderTest" name="submitOrder" time="35.688"/>
  <system-out/>
</testsuite> <!-- SelfLearning.tests.SubmitOrderTest -->
