<?xml version="1.0" encoding="UTF-8"?>
<!-- Generated by org.testng.reporters.JUnitReportReporter -->
<testsuite hostname="ISCHLAPHP21792" failures="0" tests="2" name="SelfLearning.tests.ErrorValidations" time="61.903" errors="0" timestamp="2024-07-23T20:10:54 IST" skipped="0">
  <testcase classname="SelfLearning.tests.ErrorValidations" name="LoginErrorValidation" time="20.940"/>
  <system-out/>
  <testcase classname="SelfLearning.tests.ErrorValidations" name="ProductErrorValidation" time="40.963"/>
  <system-out/>
</testsuite> <!-- SelfLearning.tests.ErrorValidations -->
